<?xml version="1.0" encoding="UTF-8"?>
<!-- Generated by org.testng.reporters.JUnitReportReporter -->
<testsuite hostname="LAPTOP-K4A3966N" failures="0" tests="6" name="APIAssign" time="2.599" errors="0" timestamp="28 Nov 2022 03:14:21 GMT" skipped="5">
  <testcase classname="APIAssign" name="PUT" time="2.599"/>
  <testcase classname="APIAssign" name="Delete">
    <skipped/>
  </testcase> <!-- Delete -->
  <testcase classname="APIAssign" name="POST">
    <skipped/>
  </testcase> <!-- POST -->
  <testcase classname="APIAssign" name="GET">
    <skipped/>
  </testcase> <!-- GET -->
  <testcase classname="APIAssign" name="Patch">
    <skipped/>
  </testcase> <!-- Patch -->
  <testcase classname="APIAssign" name="Assertions">
    <skipped/>
  </testcase> <!-- Assertions -->
</testsuite> <!-- APIAssign -->
